<?xml version="1.0" encoding="UTF-8"?>
<!-- Generated by org.testng.reporters.JUnitXMLReporter -->
<testsuite hostname="LAPTOP-I3V0BKGE" ignored="0" name="Test" tests="2" failures="2" timestamp="15 Nov 2019 09:45:53 GMT" time="0.085" errors="0">
  <testcase name="sampleMethod" time="0.037" classname="sample.SampleProgram">
    <failure type="java.lang.ExceptionInInitializerError">
      <![CDATA[java.lang.ExceptionInInitializerError
at listeners.TestListener.onTestStart(TestListener.java:17)
Caused by: java.lang.NullPointerException
at java.util.Properties$LineReader.readLine(Properties.java:434)
at java.util.Properties.load0(Properties.java:353)
at java.util.Properties.load(Properties.java:341)
at com.aventstack.extentreports.reporter.AbstractReporter.loadConfig(AbstractReporter.java:82)
at com.aventstack.extentreports.reporter.ExtentHtmlReporter.loadDefaultConfig(ExtentHtmlReporter.java:76)
at com.aventstack.extentreports.reporter.ExtentHtmlReporter.<init>(ExtentHtmlReporter.java:57)
at com.aventstack.extentreports.reporter.ExtentHtmlReporter.<init>(ExtentHtmlReporter.java:61)
at extentreport.ExtentManager.createInstance(ExtentManager.java:28)
at extentreport.ExtentManager.getInstance(ExtentManager.java:20)
at extentreport.ExtentTestManager.<clinit>(ExtentTestManager.java:11)
... 23 more
... Removed 22 stack frames]]>
    </failure>
  </testcase> <!-- sampleMethod -->
  <testcase name="sampleMethod" time="0.069" classname="sample.SampleProgram">
    <failure type="java.lang.NoClassDefFoundError" message="Could not initialize class extentreport.ExtentTestManager">
      <![CDATA[java.lang.NoClassDefFoundError: Could not initialize class extentreport.ExtentTestManager
at listeners.TestListener.onTestFailure(TestListener.java:29)
... Removed 22 stack frames]]>
    </failure>
  </testcase> <!-- sampleMethod -->
</testsuite> <!-- Test -->
