<?xml version="1.0" encoding="UTF-8"?>
<testng-results skipped="0" failed="0" ignored="0" total="1" passed="1">
  <reporter-output>
  </reporter-output>
  <suite name="Default suite" duration-ms="2148" started-at="2019-11-15T09:39:58Z" finished-at="2019-11-15T09:40:00Z">
    <groups>
    </groups>
    <test name="Default test" duration-ms="2148" started-at="2019-11-15T09:39:58Z" finished-at="2019-11-15T09:40:00Z">
      <class name="tests.GetRequestWithQueryParameters">
        <test-method status="PASS" signature="filterUser()[pri:0, instance:tests.GetRequestWithQueryParameters@4e9ba398]" name="filterUser" duration-ms="2130" started-at="2019-11-15T09:39:58Z" finished-at="2019-11-15T09:40:00Z">
          <reporter-output>
          </reporter-output>
        </test-method> <!-- filterUser -->
      </class> <!-- tests.GetRequestWithQueryParameters -->
    </test> <!-- Default test -->
  </suite> <!-- Default suite -->
</testng-results>
