<?xml version="1.0" encoding="UTF-8"?>
<testng-results skipped="0" failed="0" ignored="0" total="2" passed="2">
  <reporter-output>
  </reporter-output>
  <suite name="Suite" duration-ms="4547" started-at="2019-11-12T04:56:47Z" finished-at="2019-11-12T04:56:52Z">
    <groups>
    </groups>
    <test name="Test" duration-ms="4547" started-at="2019-11-12T04:56:47Z" finished-at="2019-11-12T04:56:52Z">
      <class name="tests.GetSingleUser">
        <test-method status="PASS" signature="getSingleUser()[pri:0, instance:tests.GetSingleUser@59ec2012]" name="getSingleUser" duration-ms="4487" started-at="2019-11-12T04:56:47Z" finished-at="2019-11-12T04:56:52Z">
          <reporter-output>
          </reporter-output>
        </test-method> <!-- getSingleUser -->
        <test-method status="PASS" signature="setUp()[pri:0, instance:tests.GetSingleUser@59ec2012]" name="setUp" is-config="true" duration-ms="0" started-at="2019-11-12T04:56:47Z" finished-at="2019-11-12T04:56:47Z">
          <reporter-output>
          </reporter-output>
        </test-method> <!-- setUp -->
      </class> <!-- tests.GetSingleUser -->
      <class name="sample.SampleProgram">
        <test-method status="PASS" signature="sampleMethod()[pri:0, instance:sample.SampleProgram@402a079c]" name="sampleMethod" duration-ms="13" started-at="2019-11-12T04:56:47Z" finished-at="2019-11-12T04:56:47Z">
          <reporter-output>
          </reporter-output>
        </test-method> <!-- sampleMethod -->
      </class> <!-- sample.SampleProgram -->
    </test> <!-- Test -->
  </suite> <!-- Suite -->
</testng-results>
